-- The C compiler identification is GNU 11.4.0
-- The CXX compiler identification is GNU 11.4.0
-- Detecting C compiler ABI info
-- Detecting C compiler ABI info - done
-- Check for working C compiler: /usr/bin/cc - skipped
-- Detecting C compile features
-- Detecting C compile features - done
-- Detecting CXX compiler ABI info
-- Detecting CXX compiler ABI info - done
-- Check for working CXX compiler: /usr/bin/c++ - skipped
-- Detecting CXX compile features
-- Detecting CXX compile features - done
-- Found ament_cmake: 2.3.2 (/opt/ros/rolling/share/ament_cmake/cmake)
-- Found Python3: /usr/bin/python3.10 (found version "3.10.12") found components: Interpreter 
-- Found rclcpp: 27.0.0 (/opt/ros/rolling/share/rclcpp/cmake)
-- Found rosidl_generator_c: 4.5.1 (/opt/ros/rolling/share/rosidl_generator_c/cmake)
-- Found rosidl_generator_cpp: 4.5.1 (/opt/ros/rolling/share/rosidl_generator_cpp/cmake)
-- Using all available rosidl_typesupport_c: rosidl_typesupport_fastrtps_c;rosidl_typesupport_introspection_c
-- Using all available rosidl_typesupport_cpp: rosidl_typesupport_fastrtps_cpp;rosidl_typesupport_introspection_cpp
-- Found rmw_implementation_cmake: 7.3.0 (/opt/ros/rolling/share/rmw_implementation_cmake/cmake)
-- Found rmw_fastrtps_cpp: 8.2.0 (/opt/ros/rolling/share/rmw_fastrtps_cpp/cmake)
-- Found OpenSSL: /usr/lib/x86_64-linux-gnu/libcrypto.so (found version "3.0.2")  
-- Found FastRTPS: /opt/ros/rolling/include  
-- Using RMW implementation 'rmw_fastrtps_cpp' as default
-- Found nav_msgs: 5.3.0 (/opt/ros/rolling/share/nav_msgs/cmake)
-- Found OpenCV: /usr (found version "4.5.4") 
-- Found rclcpp_lifecycle: 27.0.0 (/opt/ros/rolling/share/rclcpp_lifecycle/cmake)
-- Found ament_lint_auto: 0.16.3 (/opt/ros/rolling/share/ament_lint_auto/cmake)
-- Added test 'cppcheck' to perform static code analysis on C / C++ code
-- Configured cppcheck include dirs: 
-- Configured cppcheck exclude dirs and/or files: 
-- Added test 'lint_cmake' to check CMake code style
-- Added test 'uncrustify' to check C / C++ code style
-- Configured uncrustify additional arguments: 
-- Added test 'xmllint' to check XML markup files
-- Configuring done
-- Generating done
-- Build files have been written to: /home/mitsunoto/ros2_ws/src/path_controller/build/path_controller
[  4%] [34m[1mAutomatic MOC and UIC for target robot_controller[0m
[ 16%] [34m[1mAutomatic MOC and UIC for target map_loader[0m
[ 16%] [34m[1mAutomatic MOC and UIC for target goal_handler[0m
[ 16%] [34m[1mAutomatic MOC and UIC for target path_planner[0m
[ 20%] [34m[1mAutomatic MOC and UIC for target map_visualizer[0m
[ 25%] [34m[1mAutomatic MOC and UIC for target localization_node[0m
[ 25%] Built target map_visualizer_autogen
[ 25%] Built target path_planner_autogen
[ 25%] Built target goal_handler_autogen
[ 25%] Built target map_loader_autogen
[ 25%] Built target localization_node_autogen
[ 25%] Built target robot_controller_autogen
[ 29%] [32mBuilding CXX object CMakeFiles/goal_handler.dir/goal_handler_autogen/mocs_compilation.cpp.o[0m
[ 37%] [32mBuilding CXX object CMakeFiles/robot_controller.dir/robot_controller_autogen/mocs_compilation.cpp.o[0m
[ 37%] [32mBuilding CXX object CMakeFiles/map_visualizer.dir/src/map_visualizer.cpp.o[0m
[ 54%] [32mBuilding CXX object CMakeFiles/path_planner.dir/path_planner_autogen/mocs_compilation.cpp.o[0m
[ 54%] [32mBuilding CXX object CMakeFiles/localization_node.dir/localization_node_autogen/mocs_compilation.cpp.o[0m
[ 54%] [32mBuilding CXX object CMakeFiles/path_planner.dir/src/path_planner.cpp.o[0m
[ 54%] [32mBuilding CXX object CMakeFiles/localization_node.dir/src/localization_node.cpp.o[0m
[ 62%] [32mBuilding CXX object CMakeFiles/goal_handler.dir/src/goal_handler.cpp.o[0m
[ 62%] [32mBuilding CXX object CMakeFiles/map_visualizer.dir/map_visualizer_autogen/mocs_compilation.cpp.o[0m
[ 66%] [32mBuilding CXX object CMakeFiles/robot_controller.dir/src/robot_controller.cpp.o[0m
[ 70%] [32mBuilding CXX object CMakeFiles/map_loader.dir/map_loader_autogen/mocs_compilation.cpp.o[0m
[ 75%] [32mBuilding CXX object CMakeFiles/map_loader.dir/src/map_loader.cpp.o[0m
[ 79%] [32m[1mLinking CXX executable goal_handler[0m
[ 79%] Built target goal_handler
[ 83%] [32m[1mLinking CXX executable robot_controller[0m
[ 83%] Built target robot_controller
[ 87%] [32m[1mLinking CXX executable map_loader[0m
[ 87%] Built target map_loader
[ 91%] [32m[1mLinking CXX executable localization_node[0m
[ 91%] Built target localization_node
[ 95%] [32m[1mLinking CXX executable path_planner[0m
[ 95%] Built target path_planner
